#
# There is insufficient memory for the Java Runtime Environment to continue.
# Native memory allocation (malloc) failed to allocate 32744 bytes for ChunkPool::allocate
# Possible reasons:
#   The system is out of physical RAM or swap space
#   In 32 bit mode, the process size limit was hit
# Possible solutions:
#   Reduce memory load on the system
#   Increase physical memory or swap space
#   Check if swap backing store is full
#   Use 64 bit Java on a 64 bit OS
#   Decrease Java heap size (-Xmx/-Xms)
#   Decrease number of Java threads
#   Decrease Java thread stack sizes (-Xss)
#   Set larger code cache with -XX:ReservedCodeCacheSize=
# This output file may be truncated or incomplete.
#
#  Out of Memory Error (allocation.cpp:273), pid=14024, tid=10336
#
# JRE version: Java(TM) SE Runtime Environment (8.0_60-b27) (build 1.8.0_60-b27)
# Java VM: Java HotSpot(TM) 64-Bit Server VM (25.60-b23 mixed mode windows-amd64 compressed oops)
# Failed to write core dump. Minidumps are not enabled by default on client versions of Windows
#

---------------  T H R E A D  ---------------

Current thread (0x0000000019045800):  JavaThread "C2 CompilerThread0" daemon [_thread_in_native, id=10336, stack(0x0000000019720000,0x0000000019820000)]

Stack: [0x0000000019720000,0x0000000019820000]
[error occurred during error reporting (printing stack bounds), id 0xc0000005]

Native frames: (J=compiled Java code, j=interpreted, Vv=VM code, C=native code)


Current CompileTask:
C2:    451   67  s    4       java.lang.StringBuffer::append (13 bytes)


---------------  P R O C E S S  ---------------

Java Threads: ( => current thread )
  0x00000000190cb800 JavaThread "Service Thread" daemon [_thread_blocked, id=13904, stack(0x0000000019a20000,0x0000000019b20000)]
  0x00000000190a8000 JavaThread "C1 CompilerThread2" daemon [_thread_in_native, id=936, stack(0x0000000019920000,0x0000000019a20000)]
  0x000000001909e000 JavaThread "C2 CompilerThread1" daemon [_thread_blocked, id=12444, stack(0x0000000019820000,0x0000000019920000)]
=>0x0000000019045800 JavaThread "C2 CompilerThread0" daemon [_thread_in_native, id=10336, stack(0x0000000019720000,0x0000000019820000)]
  0x000000001903f800 JavaThread "JDWP Command Reader" daemon [_thread_in_native, id=9724, stack(0x0000000019620000,0x0000000019720000)]
  0x0000000019032000 JavaThread "JDWP Event Helper Thread" daemon [_thread_blocked, id=11844, stack(0x0000000019520000,0x0000000019620000)]
  0x000000001902c800 JavaThread "JDWP Transport Listener: dt_socket" daemon [_thread_blocked, id=588, stack(0x0000000019420000,0x0000000019520000)]
  0x0000000017ab9800 JavaThread "Attach Listener" daemon [_thread_blocked, id=2920, stack(0x0000000018f20000,0x0000000019020000)]
  0x0000000017ab8800 JavaThread "Signal Dispatcher" daemon [_thread_blocked, id=424, stack(0x0000000018e20000,0x0000000018f20000)]
  0x0000000002f27800 JavaThread "Finalizer" daemon [_thread_blocked, id=3864, stack(0x0000000018cc0000,0x0000000018dc0000)]
  0x0000000002f1f800 JavaThread "Reference Handler" daemon [_thread_blocked, id=8976, stack(0x0000000018bc0000,0x0000000018cc0000)]
  0x0000000002e32800 JavaThread "main" [_thread_in_Java, id=5456, stack(0x0000000002d30000,0x0000000002e30000)]

Other Threads:
  0x0000000017a27000 VMThread [stack: 0x0000000018ac0000,0x0000000018bc0000] [id=6560]
  0x000000001913d000 WatcherThread [stack: 0x0000000019b20000,0x0000000019c20000] [id=10304]

VM state:not at safepoint (normal execution)

VM Mutex/Monitor currently owned by a thread: None

Heap:
 PSYoungGen      total 38400K, used 3328K [0x00000000d5f00000, 0x00000000d8980000, 0x0000000100000000)
  eden space 33280K, 10% used [0x00000000d5f00000,0x00000000d6240170,0x00000000d7f80000)
  from space 5120K, 0% used [0x00000000d8480000,0x00000000d8480000,0x00000000d8980000)
  to   space 5120K, 0% used [0x00000000d7f80000,0x00000000d7f80000,0x00000000d8480000)
 ParOldGen       total 87552K, used 0K [0x0000000081c00000, 0x0000000087180000, 0x00000000d5f00000)
  object space 87552K, 0% used [0x0000000081c00000,0x0000000081c00000,0x0000000087180000)
 Metaspace       used 2880K, capacity 4500K, committed 4864K, reserved 1056768K
  class space    used 315K, capacity 388K, committed 512K, reserved 1048576K

Card table byte_map: [0x00000000122f0000,0x00000000126f0000] byte_map_base: 0x0000000011ee2000

Marking Bits: (ParMarkBitMap*) 0x0000000050fca5b0
 Begin Bits: [0x0000000012da0000, 0x0000000014d30000)
 End Bits:   [0x0000000014d30000, 0x0000000016cc0000)

Polling page: 0x0000000001110000

CodeCache: size=245760Kb used=1205Kb max_used=1205Kb free=244554Kb
 bounds [0x0000000002f30000, 0x00000000031a0000, 0x0000000011f30000]
 total_blobs=307 nmethods=77 adapters=151
 compilation: enabled

Compilation events (10 events):
Event: 0.444 Thread 0x0000000019045800   67  s    4       java.lang.StringBuffer::append (13 bytes)
Event: 0.444 Thread 0x00000000190a8000   68       3       java.util.BitSet::get (69 bytes)
Event: 0.445 Thread 0x00000000190a8000 nmethod 68 0x0000000003054750 code [0x0000000003054960, 0x00000000030552e8]
Event: 0.446 Thread 0x00000000190a8000   69       3       java.lang.String::<init> (10 bytes)
Event: 0.446 Thread 0x00000000190a8000 nmethod 69 0x00000000030557d0 code [0x0000000003055920, 0x0000000003055af0]
Event: 0.446 Thread 0x00000000190a8000   70       1       java.net.URL::getHost (5 bytes)
Event: 0.446 Thread 0x00000000190a8000 nmethod 70 0x0000000003055b90 code [0x0000000003055ce0, 0x0000000003055df0]
Event: 0.446 Thread 0x00000000190a8000   72  s!   3       sun.misc.URLClassPath::getLoader (197 bytes)
Event: 0.449 Thread 0x00000000190a8000 nmethod 72 0x0000000003055e50 code [0x0000000003056220, 0x00000000030589e8]
Event: 0.449 Thread 0x00000000190a8000   71  s    3       sun.misc.URLClassPath::getNextLoader (88 bytes)

GC Heap History (0 events):
No events

Deoptimization events (0 events):
No events

Internal exceptions (4 events):
Event: 0.072 Thread 0x0000000002e32800 Exception <a 'java/lang/NoSuchMethodError': Method sun.misc.Unsafe.defineClass(Ljava/lang/String;[BII)Ljava/lang/Class; name or signature does not match> (0x00000000d5f13050) thrown at [C:\re\workspace\8-2-build-windows-amd64-cygwin\jdk8u60\4407\hotspot\srk&ˆ0“T²?
Event: 0.072 Thread 0x0000000002e32800 Exception <a 'java/lang/NoSuchMethodError': Method sun.misc.Unsafe.prefetchRead(Ljava/lang/Object;J)V name or signature does not match> (0x00000000d5f13338) thrown at [C:\re\workspace\8-2-build-windows-amd64-cygwin\jdk8u60\4407\hotspot\src\share\vm\prims\j•W¶¦xÚ?
Event: 0.414 Thread 0x0000000002e32800 Exception <a 'java/security/PrivilegedActionException'> (0x00000000d60967b8) thrown at [C:\re\workspace\8-2-build-windows-amd64-cygwin\jdk8u60\4407\hotspot\src\share\vm\prims\jvm.cpp, line 1386]
Event: 0.414 Thread 0x0000000002e32800 Exception <a 'java/security/PrivilegedActionException'> (0x00000000d60969c8) thrown at [C:\re\workspace\8-2-build-windows-amd64-cygwin\jdk8u60\4407\hotspot\src\share\vm\prims\jvm.cpp, line 1386]

Events (10 events):
Event: 0.444 loading class org/springframework/beans/factory/BeanFactory
Event: 0.444 loading class org/springframework/beans/factory/BeanFactory done
Event: 0.445 loading class org/springframework/beans/factory/HierarchicalBeanFactory
Event: 0.445 loading class org/springframework/beans/factory/HierarchicalBeanFactory done
Event: 0.446 loading class org/springframework/context/MessageSource
Event: 0.446 loading class org/springframework/context/MessageSource done
Event: 0.446 loading class org/springframework/context/ApplicationEventPublisher
Event: 0.446 loading class org/springframework/context/ApplicationEventPublisher done
Event: 0.447 loading class org/springframework/core/io/support/ResourcePatternResolver
Event: 0.447 loading class org/springframework/core/io/support/ResourcePatternResolver done


Dynamic libraries:
0x00007ff6c9ab0000 - 0x00007ff6c9ae7000 	E:\JDK\jdk1.8\bin\javaw.exe
0x00007ffd63060000 - 0x00007ffd63221000 	C:\Windows\SYSTEM32\ntdll.dll
0x00007ffd60920000 - 0x00007ffd609cd000 	C:\Windows\system32\KERNEL32.DLL
0x00007ffd60380000 - 0x00007ffd6055d000 	C:\Windows\system32\KERNELBASE.dll
0x00007ffd60ac0000 - 0x00007ffd60b66000 	C:\Windows\system32\ADVAPI32.dll
0x00007ffd629a0000 - 0x00007ffd62a3d000 	C:\Windows\system32\msvcrt.dll
0x00007ffd63000000 - 0x00007ffd6305b000 	C:\Windows\system32\sechost.dll
0x00007ffd62d60000 - 0x00007ffd62e86000 	C:\Windows\system32\RPCRT4.dll
0x00007ffd60d00000 - 0x00007ffd60e4e000 	C:\Windows\system32\USER32.dll
0x00007ffd60b70000 - 0x00007ffd60cf6000 	C:\Windows\system32\GDI32.dll
0x00007ffd52ac0000 - 0x00007ffd52d34000 	C:\Windows\WinSxS\amd64_microsoft.windows.common-controls_6595b64144ccf1df_6.0.10240.16384_none_f41f7b285750ef43\COMCTL32.dll
0x00007ffd62960000 - 0x00007ffd62996000 	C:\Windows\system32\IMM32.DLL
0x00007ffd62ea0000 - 0x00007ffd62ffc000 	C:\Windows\system32\MSCTF.dll
0x00000000513c0000 - 0x0000000051492000 	E:\JDK\jdk1.8\bin\msvcr100.dll
0x00000000507c0000 - 0x0000000051049000 	E:\JDK\jdk1.8\bin\server\jvm.dll
0x00007ffd62e90000 - 0x00007ffd62e98000 	C:\Windows\system32\PSAPI.DLL
0x00007ffd5dc10000 - 0x00007ffd5dc33000 	C:\Windows\SYSTEM32\WINMM.dll
0x00007ffd58790000 - 0x00007ffd5879a000 	C:\Windows\SYSTEM32\VERSION.dll
0x00007ffd4e2a0000 - 0x00007ffd4e2a9000 	C:\Windows\SYSTEM32\WSOCK32.dll
0x00007ffd628f0000 - 0x00007ffd62959000 	C:\Windows\system32\WS2_32.dll
0x00000000010c0000 - 0x00000000010ec000 	C:\Windows\SYSTEM32\WINMMBASE.dll
0x00007ffd60730000 - 0x00007ffd60738000 	C:\Windows\system32\NSI.dll
0x00007ffd5fd00000 - 0x00007ffd5fd44000 	C:\Windows\system32\cfgmgr32.dll
0x00007ffd5e400000 - 0x00007ffd5e427000 	C:\Windows\SYSTEM32\DEVOBJ.dll
0x0000000051560000 - 0x000000005156f000 	E:\JDK\jdk1.8\bin\verify.dll
0x0000000051530000 - 0x0000000051559000 	E:\JDK\jdk1.8\bin\java.dll
0x0000000051170000 - 0x00000000511a5000 	E:\JDK\jdk1.8\bin\jdwp.dll
0x00000000513b0000 - 0x00000000513b8000 	E:\JDK\jdk1.8\bin\npt.dll
0x0000000051510000 - 0x0000000051526000 	E:\JDK\jdk1.8\bin\zip.dll
0x00007ffd611f0000 - 0x00007ffd62712000 	C:\Windows\system32\SHELL32.dll
0x00007ffd5fd50000 - 0x00007ffd60378000 	C:\Windows\system32\windows.storage.dll
0x00007ffd60e50000 - 0x00007ffd610cc000 	C:\Windows\system32\combase.dll
0x00007ffd60860000 - 0x00007ffd608b1000 	C:\Windows\system32\shlwapi.dll
0x00007ffd5fa90000 - 0x00007ffd5fa9f000 	C:\Windows\system32\kernel.appcore.dll
0x00007ffd5fc40000 - 0x00007ffd5fcf3000 	C:\Windows\system32\shcore.dll
0x00007ffd5fac0000 - 0x00007ffd5fb0a000 	C:\Windows\system32\powrprof.dll
0x00007ffd5fb10000 - 0x00007ffd5fb23000 	C:\Windows\system32\profapi.dll
0x00000000513a0000 - 0x00000000513a9000 	E:\JDK\jdk1.8\bin\dt_socket.dll
0x00007ffd52400000 - 0x00007ffd52415000 	C:\Windows\system32\napinsp.dll
0x00007ffd523e0000 - 0x00007ffd523fa000 	C:\Windows\system32\pnrpnsp.dll
0x00007ffd5d7d0000 - 0x00007ffd5d7e8000 	C:\Windows\system32\NLAapi.dll
0x00007ffd5f3d0000 - 0x00007ffd5f42d000 	C:\Windows\System32\mswsock.dll
0x00007ffd5f080000 - 0x00007ffd5f128000 	C:\Windows\SYSTEM32\DNSAPI.dll
0x00007ffd52660000 - 0x00007ffd5266d000 	C:\Windows\System32\winrnr.dll
0x00007ffd5af60000 - 0x00007ffd5afc8000 	C:\Windows\System32\fwpuclnt.dll
0x00007ffd5f5d0000 - 0x00007ffd5f5f8000 	C:\Windows\SYSTEM32\bcrypt.dll
0x00007ffd58890000 - 0x00007ffd5889a000 	C:\Windows\System32\rasadhlp.dll

VM Arguments:
jvm_args: -agentlib:jdwp=transport=dt_socket,suspend=y,address=localhost:59861 -Dfile.encoding=GBK 
java_command: com.fcv.vms.main.Main
java_class_path (initial): E:\eclipse\workspace\param_1_min\bin;E:\eclipse\eclipse-jee-kepler-SR2\plugins\org.junit_4.11.0.v201303080030\junit.jar;E:\eclipse\eclipse-jee-kepler-SR2\plugins\org.hamcrest.core_1.3.0.v201303031735.jar;E:\eclipse\workspace\param_1_min\lib\antlr-2.7.6.jar;E:\eclipse\workspace\param_1_min\lib\c3p0-0.9.1.jar;E:\eclipse\workspace\param_1_min\lib\commons-collections-3.1.jar;E:\eclipse\workspace\param_1_min\lib\commons-dbcp-1.2.2.jar;E:\eclipse\workspace\param_1_min\lib\commons-logging-1.1.3.jar;E:\eclipse\workspace\param_1_min\lib\commons-pool-1.4.jar;E:\eclipse\workspace\param_1_min\lib\dom4j-1.6.1.jar;E:\eclipse\workspace\param_1_min\lib\hibernate-jpa-2.0-api-1.0.0.Final.jar;E:\eclipse\workspace\param_1_min\lib\hibernate3.jar;E:\eclipse\workspace\param_1_min\lib\javassist-3.12.0.GA.jar;E:\eclipse\workspace\param_1_min\lib\jta-1.1.jar;E:\eclipse\workspace\param_1_min\lib\jtds-1.2.jar;E:\eclipse\workspace\param_1_min\lib\log4j-1.2.15.jar;E:\eclipse\workspace\param_1_min\lib\mysql-connector-java-5.1.18-bin.jar;E:\eclipse\workspace\param_1_min\lib\ojdbc14.jar;E:\eclipse\workspace\param_1_min\lib\slf4j-api-1.6.1.jar;E:\eclipse\workspace\param_1_min\lib\slf4j-log4j12-1.6.1.jar;E:\eclipse\workspace\param_1_min\lib\spring-aop-4.0.0.M2.jar;E:\eclipse\workspace\param_1_min\lib\spring-aspects-4.0.0.M2.jar;E:\eclipse\workspace\param_1_min\lib\spring-beans-4.0.0.M2.jar;E:\eclipse\workspace\param_1_min\lib\spring-context-4.0.0.M2.jar;E:\eclipse\workspace\param_1_min\lib\spring-context-support-4.0.0.M2.jar;E:\eclipse\workspace\param_1_min\lib\spring-core-4.0.0.M2.jar;E:\eclipse\workspace\param_1_min\lib\spring-expression-4.0.0.M2.jar;E:\eclipse\workspace\param_1_min\lib\spring-instrument-4.0.0.M2.jar;E:\eclipse\workspace\param_1_min\lib\spring-instrument-tomcat-4.0.0.M2.jar;E:\eclipse\workspace\param_1_min\lib\spring-jdbc-4.0.0.M2.jar;E:\eclipse\workspace\param_1_min\lib\spring-jms-4.0.0.M2.jar;E:\eclipse\workspace\param_1_min\lib\spring-messaging-4.0.0
Launcher Type: SUN_STANDARD

Environment Variables:
JAVA_HOME=E:\JDK\jdk1.8
CLASSPATH=.;E:\JDK\jdk1.8\lib;E:\JDK\jdk1.8\lib\dt.jar;E:\JDK\jdk1.8\lib\tools.jar;E:\tomcat\apache-tomcat-7.0.57\BIN
PATH=E:/JDK/jdk1.8/bin/server;E:/JDK/jdk1.8/bin;E:/JDK/jdk1.8/lib/amd64;C:\ProgramData\Oracle\Java\javapath;C:\Windows\system32;C:\Windows;C:\Windows\System32\Wbem;C:\Windows\System32\WindowsPowerShell\v1.0\;E:\mysql\mysql-5.6.25-winx64\bin;E:\JDK\jdk1.8\bin;E:\JDK\jdk1.8\jre\bin;;E:\eclipse\eclipse-jee-kepler-SR2;
USERNAME=lalio
OS=Windows_NT
PROCESSOR_IDENTIFIER=Intel64 Family 6 Model 42 Stepping 7, GenuineIntel



---------------  S Y S T E M  ---------------

OS: Windows 10.0 , 64 bit Build 10240 (10.0.10240.16384)

CPU:total 4 (2 cores per cpu, 2 threads per core) family 6 model 42 stepping 7, cmov, cx8, fxsr, mmx, sse, sse2, sse3, ssse3, sse4.1, sse4.2, popcnt, avx, aes, clmul, ht, tsc, tscinvbit

Memory: 4k page, physical 8269036k(3635740k free), swap 14822636k(5324k free)

vm_info: Java HotSpot(TM) 64-Bit Server VM (25.60-b23) for windows-amd64 JRE (1.8.0_60-b27), built on Aug  4 2015 11:06:27 by "java_re" with MS VC++ 10.0 (VS2010)

time: Tue Oct 13 15:02:37 2015
elapsed time: 0 seconds (0d 0h 0m 0s)

